<?xml version="1.0" encoding="UTF-8"?>
<testng-results ignored="0" total="3" passed="3" failed="0" skipped="0">
  <reporter-output>
  </reporter-output>
  <suite started-at="2022-11-25T22:18:46 EST" name="Package1.Test2" finished-at="2022-11-25T22:18:46 EST" duration-ms="85">
    <groups>
    </groups>
    <test started-at="2022-11-25T22:18:46 EST" name="Command line test" finished-at="2022-11-25T22:18:46 EST" duration-ms="85">
      <class name="Package1.Test2">
        <test-method signature="testData(java.lang.String)[pri:0, instance:Package1.Test2@7b98f307]" started-at="2022-11-25T22:18:46 EST" name="testData" data-provider="data2" finished-at="2022-11-25T22:18:46 EST" duration-ms="5" status="PASS">
          <params>
            <param index="0">
              <value>
                <![CDATA[aa]]>
              </value>
            </param>
          </params>
          <reporter-output>
          </reporter-output>
        </test-method> <!-- testData -->
        <test-method signature="testData(java.lang.String)[pri:0, instance:Package1.Test2@7b98f307]" started-at="2022-11-25T22:18:46 EST" name="testData" data-provider="data2" finished-at="2022-11-25T22:18:46 EST" duration-ms="2" status="PASS">
          <params>
            <param index="0">
              <value>
                <![CDATA[bb]]>
              </value>
            </param>
          </params>
          <reporter-output>
          </reporter-output>
        </test-method> <!-- testData -->
        <test-method signature="testData(java.lang.String)[pri:0, instance:Package1.Test2@7b98f307]" started-at="2022-11-25T22:18:46 EST" name="testData" data-provider="data2" finished-at="2022-11-25T22:18:46 EST" duration-ms="0" status="PASS">
          <params>
            <param index="0">
              <value>
                <![CDATA[cc]]>
              </value>
            </param>
          </params>
          <reporter-output>
          </reporter-output>
        </test-method> <!-- testData -->
      </class> <!-- Package1.Test2 -->
    </test> <!-- Command line test -->
  </suite> <!-- Package1.Test2 -->
</testng-results>
