<?xml version="1.0" encoding="UTF-8"?>
<!-- Generated by org.testng.reporters.JUnitXMLReporter -->
<testsuite ignored="0" hostname="LAPTOP-4EEPAOT0" failures="0" tests="3" name="Command line test" time="0.085" errors="0" timestamp="2022-11-25T22:18:46 EST">
  <testcase classname="Package1.Test2" name="testData" time="0.005"/>
  <testcase classname="Package1.Test2" name="testData" time="0.002"/>
  <testcase classname="Package1.Test2" name="testData" time="0.0"/>
</testsuite> <!-- Command line test -->
