<?xml version="1.0" encoding="UTF-8"?>
<testng-results ignored="0" total="3" passed="3" failed="0" skipped="0">
  <reporter-output>
  </reporter-output>
  <suite started-at="2022-10-11T11:40:26 EDT" name="Default suite" finished-at="2022-10-11T11:40:26 EDT" duration-ms="220">
    <groups>
    </groups>
    <test started-at="2022-10-11T11:40:26 EDT" name="Default test" finished-at="2022-10-11T11:40:26 EDT" duration-ms="220">
      <class name="Package1.Test2">
        <test-method signature="testData(java.lang.String)[pri:0, instance:Package1.Test2@7c20cdd0]" started-at="2022-10-11T11:40:26 EDT" name="testData" data-provider="data2" finished-at="2022-10-11T11:40:26 EDT" duration-ms="21" status="PASS">
          <params>
            <param index="0">
              <value>
                <![CDATA[aa]]>
              </value>
            </param>
          </params>
          <reporter-output>
          </reporter-output>
        </test-method> <!-- testData -->
        <test-method signature="testData(java.lang.String)[pri:0, instance:Package1.Test2@7c20cdd0]" started-at="2022-10-11T11:40:26 EDT" name="testData" data-provider="data2" finished-at="2022-10-11T11:40:26 EDT" duration-ms="8" status="PASS">
          <params>
            <param index="0">
              <value>
                <![CDATA[bb]]>
              </value>
            </param>
          </params>
          <reporter-output>
          </reporter-output>
        </test-method> <!-- testData -->
        <test-method signature="testData(java.lang.String)[pri:0, instance:Package1.Test2@7c20cdd0]" started-at="2022-10-11T11:40:26 EDT" name="testData" data-provider="data2" finished-at="2022-10-11T11:40:26 EDT" duration-ms="9" status="PASS">
          <params>
            <param index="0">
              <value>
                <![CDATA[cc]]>
              </value>
            </param>
          </params>
          <reporter-output>
          </reporter-output>
        </test-method> <!-- testData -->
      </class> <!-- Package1.Test2 -->
    </test> <!-- Default test -->
  </suite> <!-- Default suite -->
</testng-results>
